Determining if the pthread_create exist failed with the following output:
Change Dir: /home/jura611/projects/platformsko/build/CMakeFiles/CMakeTmp

Run Build Command:"/usr/bin/gmake" "cmTC_170ce/fast"
gmake[1]: Entering directory '/home/jura611/projects/platformsko/build/CMakeFiles/CMakeTmp'
/usr/bin/gmake -f CMakeFiles/cmTC_170ce.dir/build.make CMakeFiles/cmTC_170ce.dir/build
gmake[2]: Entering directory '/home/jura611/projects/platformsko/build/CMakeFiles/CMakeTmp'
Building C object CMakeFiles/cmTC_170ce.dir/CheckSymbolExists.c.o
/usr/bin/cc   -Wall -Wextra -Werror    -o CMakeFiles/cmTC_170ce.dir/CheckSymbolExists.c.o   -c /home/jura611/projects/platformsko/build/CMakeFiles/CMakeTmp/CheckSymbolExists.c
Linking C executable cmTC_170ce
/usr/bin/cmake -E cmake_link_script CMakeFiles/cmTC_170ce.dir/link.txt --verbose=1
/usr/bin/cc   -Wall -Wextra -Werror     CMakeFiles/cmTC_170ce.dir/CheckSymbolExists.c.o  -o cmTC_170ce -rdynamic 
CMakeFiles/cmTC_170ce.dir/CheckSymbolExists.c.o: In function `main':
CheckSymbolExists.c:(.text+0x16): undefined reference to `pthread_create'
collect2: error: ld returned 1 exit status
CMakeFiles/cmTC_170ce.dir/build.make:97: recipe for target 'cmTC_170ce' failed
gmake[2]: *** [cmTC_170ce] Error 1
gmake[2]: Leaving directory '/home/jura611/projects/platformsko/build/CMakeFiles/CMakeTmp'
Makefile:126: recipe for target 'cmTC_170ce/fast' failed
gmake[1]: *** [cmTC_170ce/fast] Error 2
gmake[1]: Leaving directory '/home/jura611/projects/platformsko/build/CMakeFiles/CMakeTmp'

File /home/jura611/projects/platformsko/build/CMakeFiles/CMakeTmp/CheckSymbolExists.c:
/* */
#include <pthread.h>

int main(int argc, char** argv)
{
  (void)argv;
#ifndef pthread_create
  return ((int*)(&pthread_create))[argc];
#else
  (void)argc;
  return 0;
#endif
}

Determining if the function pthread_create exists in the pthreads failed with the following output:
Change Dir: /home/jura611/projects/platformsko/build/CMakeFiles/CMakeTmp

Run Build Command:"/usr/bin/gmake" "cmTC_e4ab1/fast"
gmake[1]: Entering directory '/home/jura611/projects/platformsko/build/CMakeFiles/CMakeTmp'
/usr/bin/gmake -f CMakeFiles/cmTC_e4ab1.dir/build.make CMakeFiles/cmTC_e4ab1.dir/build
gmake[2]: Entering directory '/home/jura611/projects/platformsko/build/CMakeFiles/CMakeTmp'
Building C object CMakeFiles/cmTC_e4ab1.dir/CheckFunctionExists.c.o
/usr/bin/cc   -Wall -Wextra -Werror -DCHECK_FUNCTION_EXISTS=pthread_create   -o CMakeFiles/cmTC_e4ab1.dir/CheckFunctionExists.c.o   -c /usr/share/cmake/Modules/CheckFunctionExists.c
Linking C executable cmTC_e4ab1
/usr/bin/cmake -E cmake_link_script CMakeFiles/cmTC_e4ab1.dir/link.txt --verbose=1
/usr/bin/cc   -Wall -Wextra -Werror -DCHECK_FUNCTION_EXISTS=pthread_create    CMakeFiles/cmTC_e4ab1.dir/CheckFunctionExists.c.o  -o cmTC_e4ab1 -rdynamic -lpthreads 
/usr/lib64/gcc/x86_64-suse-linux/4.8/../../../../x86_64-suse-linux/bin/ld: cannot find -lpthreads
collect2: error: ld returned 1 exit status
CMakeFiles/cmTC_e4ab1.dir/build.make:97: recipe for target 'cmTC_e4ab1' failed
gmake[2]: *** [cmTC_e4ab1] Error 1
gmake[2]: Leaving directory '/home/jura611/projects/platformsko/build/CMakeFiles/CMakeTmp'
Makefile:126: recipe for target 'cmTC_e4ab1/fast' failed
gmake[1]: *** [cmTC_e4ab1/fast] Error 2
gmake[1]: Leaving directory '/home/jura611/projects/platformsko/build/CMakeFiles/CMakeTmp'


